#
# There is insufficient memory for the Java Runtime Environment to continue.
# Native memory allocation (mmap) failed to map 268435456 bytes for G1 virtual space
# Possible reasons:
#   The system is out of physical RAM or swap space
#   The process is running with CompressedOops enabled, and the Java Heap may be blocking the growth of the native heap
# Possible solutions:
#   Reduce memory load on the system
#   Increase physical memory or swap space
#   Check if swap backing store is full
#   Decrease Java heap size (-Xmx/-Xms)
#   Decrease number of Java threads
#   Decrease Java thread stack sizes (-Xss)
#   Set larger code cache with -XX:ReservedCodeCacheSize=
#   JVM is running with Unscaled Compressed Oops mode in which the Java heap is
#     placed in the first 4GB address space. The Java Heap base address is the
#     maximum limit for the native heap growth. Please use -XX:HeapBaseMinAddress
#     to set the Java Heap base and to place the Java Heap above 4GB virtual address.
# This output file may be truncated or incomplete.
#
#  Out of Memory Error (os_windows.cpp:3548), pid=24996, tid=16400
#
# JRE version:  (17.0.5+8) (build )
# Java VM: OpenJDK 64-Bit Server VM (17.0.5+8-LTS, mixed mode, sharing, tiered, compressed oops, compressed class ptrs, g1 gc, windows-amd64)
# No core dump will be written. Minidumps are not enabled by default on client versions of Windows
#

---------------  S U M M A R Y ------------

Command Line: -Dorg.gradle.internal.worker.tmpdir=D:\workspace\project\reaing-garden\build\tmp\test\work -Dorg.gradle.native=false --add-opens=java.base/java.util=ALL-UNNAMED --add-opens=java.base/java.lang=ALL-UNNAMED -Xmx512m -Dfile.encoding=x-windows-949 -Duser.country=KR -Duser.language=ko -Duser.variant -ea worker.org.gradle.process.internal.worker.GradleWorkerMain 'Gradle Test Executor 5'

Host: Intel(R) Core(TM) i5-9400F CPU @ 2.90GHz, 6 cores, 15G,  Windows 10 , 64 bit Build 19041 (10.0.19041.3155)
Time: Mon Sep 18 23:52:02 2023  Windows 10 , 64 bit Build 19041 (10.0.19041.3155) elapsed time: 0.014703 seconds (0d 0h 0m 0s)

---------------  T H R E A D  ---------------

Current thread (0x0000013f33b6e480):  JavaThread "Unknown thread" [_thread_in_vm, id=16400, stack(0x0000000b7a700000,0x0000000b7a800000)]

Stack: [0x0000000b7a700000,0x0000000b7a800000]
Native frames: (J=compiled Java code, j=interpreted, Vv=VM code, C=native code)
V  [jvm.dll+0x646e0a]
V  [jvm.dll+0x7f7f14]
V  [jvm.dll+0x7f96ce]
V  [jvm.dll+0x7f9d23]
V  [jvm.dll+0x234c98]
V  [jvm.dll+0x643d6a]
V  [jvm.dll+0x63849a]
V  [jvm.dll+0x2f2ed9]
V  [jvm.dll+0x2fa066]
V  [jvm.dll+0x345a2a]
V  [jvm.dll+0x345c6f]
V  [jvm.dll+0x2c9378]
V  [jvm.dll+0x2ca309]
V  [jvm.dll+0x7cb681]
V  [jvm.dll+0x352eb1]
V  [jvm.dll+0x7abb8e]
V  [jvm.dll+0x3ce293]
V  [jvm.dll+0x3cfc91]
C  [jli.dll+0x519f]
C  [ucrtbase.dll+0x21bb2]
C  [KERNEL32.DLL+0x17614]
C  [ntdll.dll+0x526b1]


---------------  P R O C E S S  ---------------

Threads class SMR info:
_java_thread_list=0x00007fffee6e6758, length=0, elements={
}

Java Threads: ( => current thread )

Other Threads:
  0x0000013f35d07410 GCTaskThread "GC Thread#0" [stack: 0x0000000b7a800000,0x0000000b7a900000] [id=13780]
  0x0000013f35d0d270 ConcurrentGCThread "G1 Main Marker" [stack: 0x0000000b7a900000,0x0000000b7aa00000] [id=3756]
  0x0000013f35d0e330 ConcurrentGCThread "G1 Conc#0" [stack: 0x0000000b7aa00000,0x0000000b7ab00000] [id=21596]

[error occurred during error reporting (printing all threads), id 0xc0000005, EXCEPTION_ACCESS_VIOLATION (0xc0000005) at pc=0x00007fffededa567]

VM state: not at safepoint (not fully initialized)

VM Mutex/Monitor currently owned by a thread:  ([mutex/lock_event])
[0x0000013f35cd3160] Heap_lock - owner thread: 0x0000013f33b6e480

Heap address: 0x00000000e0000000, size: 512 MB, Compressed Oops mode: 32-bit

CDS archive(s) mapped at: [0x0000000000000000-0x0000000000000000-0x0000000000000000), size 0, SharedBaseAddress: 0x0000000800000000, ArchiveRelocationMode: 0.
Narrow klass base: 0x0000000000000000, Narrow klass shift: 0, Narrow klass range: 0x0

GC Precious Log:
<Empty>

Heap:
 garbage-first heap   total 0K, used 0K [0x00000000e0000000, 0x0000000100000000)
  region size 1024K, 0 young (0K), 0 survivors (0K)

[error occurred during error reporting (printing heap information), id 0xc0000005, EXCEPTION_ACCESS_VIOLATION (0xc0000005) at pc=0x00007fffee29e739]

GC Heap History (0 events):
No events

Dll operation events (1 events):
Event: 0.010 Loaded shared library C:\Users\user\.jdks\corretto-17.0.5\bin\java.dll

Deoptimization events (0 events):
No events

Classes unloaded (0 events):
No events

Classes redefined (0 events):
No events

Internal exceptions (0 events):
No events

VM Operations (0 events):
No events

Events (0 events):
No events


Dynamic libraries:
0x00007ff6b7a80000 - 0x00007ff6b7a8d000 	C:\Users\user\.jdks\corretto-17.0.5\bin\java.exe
0x00007ff879410000 - 0x00007ff879608000 	C:\Windows\SYSTEM32\ntdll.dll
0x00007ff878990000 - 0x00007ff878a4f000 	C:\Windows\System32\KERNEL32.DLL
0x00007ff876be0000 - 0x00007ff876ed6000 	C:\Windows\System32\KERNELBASE.dll
0x00007ff876f10000 - 0x00007ff877010000 	C:\Windows\System32\ucrtbase.dll
0x00007ff854880000 - 0x00007ff854895000 	C:\Users\user\.jdks\corretto-17.0.5\bin\VCRUNTIME140.dll
0x00007ff851530000 - 0x00007ff851547000 	C:\Users\user\.jdks\corretto-17.0.5\bin\jli.dll
0x00007ff877db0000 - 0x00007ff877f4d000 	C:\Windows\System32\USER32.dll
0x00007ff8772e0000 - 0x00007ff877302000 	C:\Windows\System32\win32u.dll
0x00007ff877ff0000 - 0x00007ff87801c000 	C:\Windows\System32\GDI32.dll
0x00007ff877130000 - 0x00007ff877245000 	C:\Windows\System32\gdi32full.dll
0x00007ff876b40000 - 0x00007ff876bdd000 	C:\Windows\System32\msvcp_win.dll
0x00007ff8633b0000 - 0x00007ff86364a000 	C:\Windows\WinSxS\amd64_microsoft.windows.common-controls_6595b64144ccf1df_6.0.19041.1110_none_60b5254171f9507e\COMCTL32.dll
0x00007ff877f50000 - 0x00007ff877fee000 	C:\Windows\System32\msvcrt.dll
0x00007ff878bb0000 - 0x00007ff878be0000 	C:\Windows\System32\IMM32.DLL
0x00007ff83fe80000 - 0x00007ff83ff1b000 	C:\Users\user\.jdks\corretto-17.0.5\bin\msvcp140.dll
0x00007fffedc00000 - 0x00007fffee814000 	C:\Users\user\.jdks\corretto-17.0.5\bin\server\jvm.dll
0x00007ff879280000 - 0x00007ff87932f000 	C:\Windows\System32\ADVAPI32.dll
0x00007ff8788f0000 - 0x00007ff87898c000 	C:\Windows\System32\sechost.dll
0x00007ff877bd0000 - 0x00007ff877cf6000 	C:\Windows\System32\RPCRT4.dll
0x00007ff859080000 - 0x00007ff859089000 	C:\Windows\SYSTEM32\WSOCK32.dll
0x00007ff86e100000 - 0x00007ff86e127000 	C:\Windows\SYSTEM32\WINMM.dll
0x00007ff879350000 - 0x00007ff8793bb000 	C:\Windows\System32\WS2_32.dll
0x00007ff872180000 - 0x00007ff87218a000 	C:\Windows\SYSTEM32\VERSION.dll
0x00007ff875330000 - 0x00007ff875342000 	C:\Windows\SYSTEM32\kernel.appcore.dll
0x00007ff85df90000 - 0x00007ff85df9a000 	C:\Users\user\.jdks\corretto-17.0.5\bin\jimage.dll
0x00007ff8746b0000 - 0x00007ff874894000 	C:\Windows\SYSTEM32\DBGHELP.DLL
0x00007ff86e520000 - 0x00007ff86e554000 	C:\Windows\SYSTEM32\dbgcore.DLL
0x00007ff877250000 - 0x00007ff8772d2000 	C:\Windows\System32\bcryptPrimitives.dll
0x00007ff84c130000 - 0x00007ff84c155000 	C:\Users\user\.jdks\corretto-17.0.5\bin\java.dll

dbghelp: loaded successfully - version: 4.0.5 - missing functions: none
symbol engine: initialized successfully - sym options: 0x614 - pdb path: .;C:\Users\user\.jdks\corretto-17.0.5\bin;C:\Windows\SYSTEM32;C:\Windows\WinSxS\amd64_microsoft.windows.common-controls_6595b64144ccf1df_6.0.19041.1110_none_60b5254171f9507e;C:\Users\user\.jdks\corretto-17.0.5\bin\server

VM Arguments:
jvm_args: -Dorg.gradle.internal.worker.tmpdir=D:\workspace\project\reaing-garden\build\tmp\test\work -Dorg.gradle.native=false --add-opens=java.base/java.util=ALL-UNNAMED --add-opens=java.base/java.lang=ALL-UNNAMED -Xmx512m -Dfile.encoding=x-windows-949 -Duser.country=KR -Duser.language=ko -Duser.variant -ea 
java_command: worker.org.gradle.process.internal.worker.GradleWorkerMain 'Gradle Test Executor 5'
java_class_path (initial): C:\\Users\\user\\.gradle\\caches\\7.4.1\\workerMain\\gradle-worker.jar;D:\\workspace\\project\\reaing-garden\\build\\classes\\java\\test;D:\\workspace\\project\\reaing-garden\\build\\classes\\java\\main;D:\\workspace\\project\\reaing-garden\\build\\resources\\main;C:\\Users\\user\\.gradle\\caches\\modules-2\\files-2.1\\org.springdoc\\springdoc-openapi-ui\\1.6.12\\1fb4811c879230349704edc7587ae7a280ef4b81\\springdoc-openapi-ui-1.6.12.jar;C:\\Users\\user\\.gradle\\caches\\modules-2\\files-2.1\\org.springdoc\\springdoc-openapi-data-rest\\1.6.12\\25321e939eee66ff0832a10e95b8e5774570dba6\\springdoc-openapi-data-rest-1.6.12.jar;C:\\Users\\user\\.gradle\\caches\\modules-2\\files-2.1\\org.springframework.boot\\spring-boot-starter-actuator\\2.7.0\\aa5de1a6c03d6b8e4351f442cdc59b8a8a4be8e4\\spring-boot-starter-actuator-2.7.0.jar;C:\\Users\\user\\.gradle\\caches\\modules-2\\files-2.1\\org.springframework.boot\\spring-boot-starter-data-rest\\2.7.0\\5b769c5a7cb1eca53eba27029df6f3a8f5e88628\\spring-boot-starter-data-rest-2.7.0.jar;C:\\Users\\user\\.gradle\\caches\\modules-2\\files-2.1\\org.springframework.boot\\spring-boot-starter-web\\2.7.0\\7bf2381d030023970b5375c1090545e480467aa1\\spring-boot-starter-web-2.7.0.jar;C:\\Users\\user\\.gradle\\caches\\modules-2\\files-2.1\\org.springframework.boot\\spring-boot-starter-data-jpa\\2.7.0\\773d8c4fbe92493655f4c7db3a2d95388b8f6eb8\\spring-boot-starter-data-jpa-2.7.0.jar;C:\\Users\\user\\.gradle\\caches\\modules-2\\files-2.1\\org.springframework.data\\spring-data-rest-hal-explorer\\3.7.0\\67f5d6e5151a9c52e1b435f25e976e101395cb8b\\spring-data-rest-hal-explorer-3.7.0.jar;C:\\Users\\user\\.gradle\\caches\\modules-2\\files-2.1\\org.springframework.boot\\spring-boot-starter-thymeleaf\\2.7.0\\e706ed79c9b8066fd0894d44b23d9a1b00417ac7\\spring-boot-starter-thymeleaf-2.7.0.jar;C:\\Users\\user\\.gradle\\caches\\modules-2\\files-2.1\\org.springframework.boot\\spring-boot-starter-oauth2-client\\2.7.0\\9ec2d7bf3d547823787efd
Launcher Type: SUN_STANDARD

[Global flags]
     intx CICompilerCount                          = 3                                         {product} {ergonomic}
     uint ConcGCThreads                            = 2                                         {product} {ergonomic}
     uint G1ConcRefinementThreads                  = 6                                         {product} {ergonomic}
   size_t G1HeapRegionSize                         = 1048576                                   {product} {ergonomic}
    uintx GCDrainStackTargetSize                   = 64                                        {product} {ergonomic}
   size_t InitialHeapSize                          = 268435456                                 {product} {ergonomic}
   size_t MarkStackSize                            = 4194304                                   {product} {ergonomic}
   size_t MaxHeapSize                              = 536870912                                 {product} {command line}
   size_t MinHeapDeltaBytes                        = 1048576                                   {product} {ergonomic}
   size_t MinHeapSize                              = 8388608                                   {product} {ergonomic}
    uintx NonNMethodCodeHeapSize                   = 5832780                                {pd product} {ergonomic}
    uintx NonProfiledCodeHeapSize                  = 122912730                              {pd product} {ergonomic}
    uintx ProfiledCodeHeapSize                     = 122912730                              {pd product} {ergonomic}
    uintx ReservedCodeCacheSize                    = 251658240                              {pd product} {ergonomic}
     bool SegmentedCodeCache                       = true                                      {product} {ergonomic}
   size_t SoftMaxHeapSize                          = 536870912                              {manageable} {ergonomic}
     bool UseCompressedClassPointers               = true                           {product lp64_product} {ergonomic}
     bool UseCompressedOops                        = true                           {product lp64_product} {ergonomic}
     bool UseG1GC                                  = true                                      {product} {ergonomic}
     bool UseLargePagesIndividualAllocation        = false                                  {pd product} {ergonomic}

Logging:
Log output configuration:
 #0: stdout all=warning uptime,level,tags
 #1: stderr all=off uptime,level,tags

Environment Variables:
JAVA_HOME=C:\Program Files\Java\jdk-15.0.2
PATH=C:\Program Files (x86)\VMware\VMware Workstation\bin\;D:\app\client\user\product\12.2.0\client_1\bin;C:\oraclexe\app\oracle\product\11.2.0\server\bin;C:\Program Files (x86)\NAT Service;C:\Program Files (x86)\Intel\Intel(R) Management Engine Components\iCLS\;C:\Program Files\Intel\Intel(R) Management Engine Components\iCLS\;C:\Windows\system32;C:\Windows;C:\Windows\System32\Wbem;C:\Windows\System32\WindowsPowerShell\v1.0\;C:\Windows\System32\OpenSSH\;C:\Program Files (x86)\Intel\Intel(R) Management Engine Components\DAL;C:\Program Files\Intel\Intel(R) Management Engine Components\DAL;C:\Program Files (x86)\Intel\Intel(R) Management Engine Components\IPT;C:\Program Files\Intel\Intel(R) Management Engine Components\IPT;C:\Program Files\PuTTY\;C:\ProgramData\chocolatey\bin;C:\Program Files\Java\jdk-15.0.2\bin;C:\ProgramData\chocolatey\lib\maven\apache-maven-3.8.2\bin;C:\Program Files (x86)\ePapyrus\SDPlugin\addins;C:\Program Files\Git\cmd;C:\Program Files\Amazon\AWSCLIV2\;C:\Users\user\AppData\Roaming\Python\Python39\Scripts;C:\Program Files\Docker\Docker\resources\bin;C:\ProgramData\DockerDesktop\version-bin;C:\Program Files\Git LFS;C:\Program Files\nodejs\;C:\Program Files\CMake\bin;C:\Program Files\dotnet\;C:\Program Files\MySQL\MySQL Shell 8.0\bin\;C:\Ruby31-x64\bin;C:\Users\user\AppData\Local\Programs\Python\Python39\Scripts\;C:\Users\user\AppData\Local\Programs\Python\Python39\;C:\Users\user\AppData\Local\Microsoft\WindowsApps;C:\Program Files\Bandizip\;C:\Program Files\JetBrains\PyCharm Community Edition 2021.1.1\bin;C:\Users\user\AppData\Local\Programs\Microsoft VS Code\bin;C:\Users\user\AppData\Roaming\npm;C:\Users\user\AppData\Local\gitkraken\bin;C:\Program Files\JetBrains\IntelliJ IDEA Community Edition 2022.3.2\bin;;C:\Program Files (x86)\Brackets\;C:\Users\user\.dotnet\tools
USERNAME=user
OS=Windows_NT
PROCESSOR_IDENTIFIER=Intel64 Family 6 Model 158 Stepping 10, GenuineIntel
TMP=C:\Users\user\AppData\Local\Temp
TEMP=C:\Users\user\AppData\Local\Temp



---------------  S Y S T E M  ---------------

OS:
 Windows 10 , 64 bit Build 19041 (10.0.19041.3155)
OS uptime: 0 days 3:39 hours
Hyper-V role detected

CPU: total 6 (initial active 6) (6 cores per cpu, 1 threads per core) family 6 model 158 stepping 10 microcode 0xb4, cx8, cmov, fxsr, mmx, 3dnowpref, sse, sse2, sse3, ssse3, sse4.1, sse4.2, popcnt, lzcnt, tsc, tscinvbit, avx, avx2, aes, erms, clmul, bmi1, bmi2, adx, fma, vzeroupper, clflush, clflushopt, hv

Memory: 4k page, system-wide physical 16323M (4127M free)
TotalPageFile size 19416M (AvailPageFile size 148M)
current process WorkingSet (physical memory assigned to process): 10M, peak: 10M
current process commit charge ("private bytes"): 55M, peak: 311M

vm_info: OpenJDK 64-Bit Server VM (17.0.5+8-LTS) for windows-amd64 JRE (17.0.5+8-LTS), built on Oct 13 2022 05:18:14 by "Administrator" with MS VC++ 15.9 (VS2017)

END.
